<?xml version="1.0" encoding="UTF-8"?>
<testng-results ignored="0" total="13" passed="13" failed="0" skipped="0">
  <reporter-output>
  </reporter-output>
  <suite started-at="2023-04-06T13:04:36 CDT" name="All Test Suite" finished-at="2023-04-06T13:05:43 CDT" duration-ms="67015">
    <groups>
    </groups>
    <test started-at="2023-04-06T13:04:36 CDT" name="C:/Users/mpm26/eclipse-workspace/AutomationFramwrk1" finished-at="2023-04-06T13:05:43 CDT" duration-ms="67015">
      <class name="com.pageTestpkg.LoginpageTest">
        <test-method is-config="true" signature="setup()[pri:0, instance:com.pageTestpkg.LoginpageTest@636be97c]" started-at="2023-04-06T13:05:07 CDT" name="setup" finished-at="2023-04-06T13:05:12 CDT" duration-ms="4585" status="PASS">
          <reporter-output>
          </reporter-output>
        </test-method> <!-- setup -->
        <test-method signature="LoginDataTest(java.lang.String,java.lang.String)[pri:0, instance:com.pageTestpkg.LoginpageTest@636be97c]" started-at="2023-04-06T13:05:12 CDT" name="LoginDataTest" data-provider="LoginDataDriven" finished-at="2023-04-06T13:05:12 CDT" duration-ms="279" status="PASS">
          <params>
            <param index="0">
              <value>
                <![CDATA[pom824]]>
              </value>
            </param>
            <param index="1">
              <value>
                <![CDATA[Mahi2608]]>
              </value>
            </param>
          </params>
          <reporter-output>
          </reporter-output>
        </test-method> <!-- LoginDataTest -->
        <test-method is-config="true" signature="teardown()[pri:0, instance:com.pageTestpkg.LoginpageTest@636be97c]" started-at="2023-04-06T13:05:12 CDT" name="teardown" finished-at="2023-04-06T13:05:12 CDT" duration-ms="276" status="PASS">
          <reporter-output>
          </reporter-output>
        </test-method> <!-- teardown -->
        <test-method is-config="true" signature="setup()[pri:0, instance:com.pageTestpkg.LoginpageTest@636be97c]" started-at="2023-04-06T13:05:12 CDT" name="setup" finished-at="2023-04-06T13:05:17 CDT" duration-ms="4470" status="PASS">
          <reporter-output>
          </reporter-output>
        </test-method> <!-- setup -->
        <test-method signature="LoginDataTest(java.lang.String,java.lang.String)[pri:0, instance:com.pageTestpkg.LoginpageTest@636be97c]" started-at="2023-04-06T13:05:17 CDT" name="LoginDataTest" data-provider="LoginDataDriven" finished-at="2023-04-06T13:05:17 CDT" duration-ms="276" status="PASS">
          <params>
            <param index="0">
              <value>
                <![CDATA[Vinay]]>
              </value>
            </param>
            <param index="1">
              <value>
                <![CDATA[Innovapath123]]>
              </value>
            </param>
          </params>
          <reporter-output>
          </reporter-output>
        </test-method> <!-- LoginDataTest -->
        <test-method is-config="true" signature="teardown()[pri:0, instance:com.pageTestpkg.LoginpageTest@636be97c]" started-at="2023-04-06T13:05:17 CDT" name="teardown" finished-at="2023-04-06T13:05:17 CDT" duration-ms="274" status="PASS">
          <reporter-output>
          </reporter-output>
        </test-method> <!-- teardown -->
        <test-method is-config="true" signature="setup()[pri:0, instance:com.pageTestpkg.LoginpageTest@636be97c]" started-at="2023-04-06T13:05:17 CDT" name="setup" finished-at="2023-04-06T13:05:22 CDT" duration-ms="4657" status="PASS">
          <reporter-output>
          </reporter-output>
        </test-method> <!-- setup -->
        <test-method signature="LoginDataTest(java.lang.String,java.lang.String)[pri:0, instance:com.pageTestpkg.LoginpageTest@636be97c]" started-at="2023-04-06T13:05:22 CDT" name="LoginDataTest" data-provider="LoginDataDriven" finished-at="2023-04-06T13:05:22 CDT" duration-ms="284" status="PASS">
          <params>
            <param index="0">
              <value>
                <![CDATA[Subir]]>
              </value>
            </param>
            <param index="1">
              <value>
                <![CDATA[Innovapath124]]>
              </value>
            </param>
          </params>
          <reporter-output>
          </reporter-output>
        </test-method> <!-- LoginDataTest -->
        <test-method is-config="true" signature="teardown()[pri:0, instance:com.pageTestpkg.LoginpageTest@636be97c]" started-at="2023-04-06T13:05:22 CDT" name="teardown" finished-at="2023-04-06T13:05:22 CDT" duration-ms="281" status="PASS">
          <reporter-output>
          </reporter-output>
        </test-method> <!-- teardown -->
        <test-method is-config="true" signature="setup()[pri:0, instance:com.pageTestpkg.LoginpageTest@636be97c]" started-at="2023-04-06T13:05:22 CDT" name="setup" finished-at="2023-04-06T13:05:27 CDT" duration-ms="4438" status="PASS">
          <reporter-output>
          </reporter-output>
        </test-method> <!-- setup -->
        <test-method signature="LoginDataTest(java.lang.String,java.lang.String)[pri:0, instance:com.pageTestpkg.LoginpageTest@636be97c]" started-at="2023-04-06T13:05:27 CDT" name="LoginDataTest" data-provider="LoginDataDriven" finished-at="2023-04-06T13:05:27 CDT" duration-ms="297" status="PASS">
          <params>
            <param index="0">
              <value>
                <![CDATA[Srikantheslavth]]>
              </value>
            </param>
            <param index="1">
              <value>
                <![CDATA[Innovapath125]]>
              </value>
            </param>
          </params>
          <reporter-output>
          </reporter-output>
        </test-method> <!-- LoginDataTest -->
        <test-method is-config="true" signature="teardown()[pri:0, instance:com.pageTestpkg.LoginpageTest@636be97c]" started-at="2023-04-06T13:05:27 CDT" name="teardown" finished-at="2023-04-06T13:05:27 CDT" duration-ms="289" status="PASS">
          <reporter-output>
          </reporter-output>
        </test-method> <!-- teardown -->
        <test-method is-config="true" signature="setup()[pri:0, instance:com.pageTestpkg.LoginpageTest@636be97c]" started-at="2023-04-06T13:05:27 CDT" name="setup" finished-at="2023-04-06T13:05:32 CDT" duration-ms="4388" status="PASS">
          <reporter-output>
          </reporter-output>
        </test-method> <!-- setup -->
        <test-method signature="LoginDataTest(java.lang.String,java.lang.String)[pri:0, instance:com.pageTestpkg.LoginpageTest@636be97c]" started-at="2023-04-06T13:05:32 CDT" name="LoginDataTest" data-provider="LoginDataDriven" finished-at="2023-04-06T13:05:32 CDT" duration-ms="342" status="PASS">
          <params>
            <param index="0">
              <value>
                <![CDATA[Shiva]]>
              </value>
            </param>
            <param index="1">
              <value>
                <![CDATA[1.2345678E7]]>
              </value>
            </param>
          </params>
          <reporter-output>
          </reporter-output>
        </test-method> <!-- LoginDataTest -->
        <test-method is-config="true" signature="teardown()[pri:0, instance:com.pageTestpkg.LoginpageTest@636be97c]" started-at="2023-04-06T13:05:32 CDT" name="teardown" finished-at="2023-04-06T13:05:33 CDT" duration-ms="384" status="PASS">
          <reporter-output>
          </reporter-output>
        </test-method> <!-- teardown -->
        <test-method is-config="true" signature="setup()[pri:0, instance:com.pageTestpkg.LoginpageTest@636be97c]" started-at="2023-04-06T13:05:33 CDT" name="setup" finished-at="2023-04-06T13:05:37 CDT" duration-ms="4445" status="PASS">
          <reporter-output>
          </reporter-output>
        </test-method> <!-- setup -->
        <test-method signature="validatelogintitlTest()[pri:1, instance:com.pageTestpkg.LoginpageTest@636be97c]" started-at="2023-04-06T13:05:37 CDT" name="validatelogintitlTest" finished-at="2023-04-06T13:05:37 CDT" duration-ms="8" status="PASS">
          <reporter-output>
          </reporter-output>
        </test-method> <!-- validatelogintitlTest -->
        <test-method is-config="true" signature="teardown()[pri:0, instance:com.pageTestpkg.LoginpageTest@636be97c]" started-at="2023-04-06T13:05:37 CDT" name="teardown" finished-at="2023-04-06T13:05:37 CDT" duration-ms="362" status="PASS">
          <reporter-output>
          </reporter-output>
        </test-method> <!-- teardown -->
        <test-method is-config="true" signature="setup()[pri:0, instance:com.pageTestpkg.LoginpageTest@636be97c]" started-at="2023-04-06T13:05:37 CDT" name="setup" finished-at="2023-04-06T13:05:42 CDT" duration-ms="4688" status="PASS">
          <reporter-output>
          </reporter-output>
        </test-method> <!-- setup -->
        <test-method signature="loginTest()[pri:2, instance:com.pageTestpkg.LoginpageTest@636be97c]" started-at="2023-04-06T13:05:42 CDT" name="loginTest" finished-at="2023-04-06T13:05:42 CDT" duration-ms="287" status="PASS">
          <reporter-output>
          </reporter-output>
        </test-method> <!-- loginTest -->
        <test-method is-config="true" signature="teardown()[pri:0, instance:com.pageTestpkg.LoginpageTest@636be97c]" started-at="2023-04-06T13:05:42 CDT" name="teardown" finished-at="2023-04-06T13:05:43 CDT" duration-ms="280" status="PASS">
          <reporter-output>
          </reporter-output>
        </test-method> <!-- teardown -->
      </class> <!-- com.pageTestpkg.LoginpageTest -->
      <class name="com.pageTestpkg.HomePageTest">
        <test-method is-config="true" signature="setup()[pri:0, instance:com.pageTestpkg.HomePageTest@49d904ec]" started-at="2023-04-06T13:04:36 CDT" name="setup" finished-at="2023-04-06T13:04:41 CDT" duration-ms="5459" status="PASS">
          <reporter-output>
          </reporter-output>
        </test-method> <!-- setup -->
        <test-method signature="TestTitle()[pri:1, instance:com.pageTestpkg.HomePageTest@49d904ec]" started-at="2023-04-06T13:04:41 CDT" name="TestTitle" finished-at="2023-04-06T13:04:41 CDT" duration-ms="13" status="PASS">
          <reporter-output>
          </reporter-output>
        </test-method> <!-- TestTitle -->
        <test-method is-config="true" signature="TearDown()[pri:0, instance:com.pageTestpkg.HomePageTest@49d904ec]" started-at="2023-04-06T13:04:41 CDT" name="TearDown" finished-at="2023-04-06T13:04:41 CDT" duration-ms="248" status="PASS">
          <reporter-output>
          </reporter-output>
        </test-method> <!-- TearDown -->
        <test-method is-config="true" signature="setup()[pri:0, instance:com.pageTestpkg.HomePageTest@49d904ec]" started-at="2023-04-06T13:04:41 CDT" name="setup" finished-at="2023-04-06T13:04:45 CDT" duration-ms="3828" status="PASS">
          <reporter-output>
          </reporter-output>
        </test-method> <!-- setup -->
        <test-method signature="verifywblLogoTest()[pri:2, instance:com.pageTestpkg.HomePageTest@49d904ec]" started-at="2023-04-06T13:04:45 CDT" name="verifywblLogoTest" finished-at="2023-04-06T13:04:45 CDT" duration-ms="87" status="PASS">
          <reporter-output>
          </reporter-output>
        </test-method> <!-- verifywblLogoTest -->
        <test-method is-config="true" signature="TearDown()[pri:0, instance:com.pageTestpkg.HomePageTest@49d904ec]" started-at="2023-04-06T13:04:45 CDT" name="TearDown" finished-at="2023-04-06T13:04:46 CDT" duration-ms="278" status="PASS">
          <reporter-output>
          </reporter-output>
        </test-method> <!-- TearDown -->
        <test-method is-config="true" signature="setup()[pri:0, instance:com.pageTestpkg.HomePageTest@49d904ec]" started-at="2023-04-06T13:04:46 CDT" name="setup" finished-at="2023-04-06T13:04:51 CDT" duration-ms="4949" status="PASS">
          <reporter-output>
          </reporter-output>
        </test-method> <!-- setup -->
        <test-method signature="verifyStudntTest()[pri:3, instance:com.pageTestpkg.HomePageTest@49d904ec]" started-at="2023-04-06T13:04:51 CDT" name="verifyStudntTest" finished-at="2023-04-06T13:04:51 CDT" duration-ms="56" status="PASS">
          <reporter-output>
          </reporter-output>
        </test-method> <!-- verifyStudntTest -->
        <test-method is-config="true" signature="TearDown()[pri:0, instance:com.pageTestpkg.HomePageTest@49d904ec]" started-at="2023-04-06T13:04:51 CDT" name="TearDown" finished-at="2023-04-06T13:04:51 CDT" duration-ms="310" status="PASS">
          <reporter-output>
          </reporter-output>
        </test-method> <!-- TearDown -->
        <test-method is-config="true" signature="setup()[pri:0, instance:com.pageTestpkg.HomePageTest@49d904ec]" started-at="2023-04-06T13:04:51 CDT" name="setup" finished-at="2023-04-06T13:04:55 CDT" duration-ms="3971" status="PASS">
          <reporter-output>
          </reporter-output>
        </test-method> <!-- setup -->
        <test-method signature="Testloginbtn()[pri:4, instance:com.pageTestpkg.HomePageTest@49d904ec]" started-at="2023-04-06T13:04:55 CDT" name="Testloginbtn" finished-at="2023-04-06T13:04:55 CDT" duration-ms="471" status="PASS">
          <reporter-output>
          </reporter-output>
        </test-method> <!-- Testloginbtn -->
        <test-method is-config="true" signature="TearDown()[pri:0, instance:com.pageTestpkg.HomePageTest@49d904ec]" started-at="2023-04-06T13:04:55 CDT" name="TearDown" finished-at="2023-04-06T13:04:56 CDT" duration-ms="300" status="PASS">
          <reporter-output>
          </reporter-output>
        </test-method> <!-- TearDown -->
      </class> <!-- com.pageTestpkg.HomePageTest -->
      <class name="com.pageTestpkg.LandingpageTest">
        <test-method is-config="true" signature="setup()[pri:0, instance:com.pageTestpkg.LandingpageTest@3f197a46]" started-at="2023-04-06T13:04:56 CDT" name="setup" finished-at="2023-04-06T13:05:01 CDT" duration-ms="5057" status="PASS">
          <reporter-output>
          </reporter-output>
        </test-method> <!-- setup -->
        <test-method signature="Testmailid()[pri:0, instance:com.pageTestpkg.LandingpageTest@3f197a46]" started-at="2023-04-06T13:05:01 CDT" name="Testmailid" finished-at="2023-04-06T13:05:01 CDT" duration-ms="41" status="PASS">
          <reporter-output>
          </reporter-output>
        </test-method> <!-- Testmailid -->
        <test-method is-config="true" signature="Teardown()[pri:0, instance:com.pageTestpkg.LandingpageTest@3f197a46]" started-at="2023-04-06T13:05:01 CDT" name="Teardown" finished-at="2023-04-06T13:05:01 CDT" duration-ms="178" status="PASS">
          <reporter-output>
          </reporter-output>
        </test-method> <!-- Teardown -->
        <test-method is-config="true" signature="setup()[pri:0, instance:com.pageTestpkg.LandingpageTest@3f197a46]" started-at="2023-04-06T13:05:01 CDT" name="setup" finished-at="2023-04-06T13:05:06 CDT" duration-ms="4909" status="PASS">
          <reporter-output>
          </reporter-output>
        </test-method> <!-- setup -->
        <test-method signature="Testwbl()[pri:0, instance:com.pageTestpkg.LandingpageTest@3f197a46]" started-at="2023-04-06T13:05:06 CDT" name="Testwbl" finished-at="2023-04-06T13:05:06 CDT" duration-ms="24" status="PASS">
          <reporter-output>
          </reporter-output>
        </test-method> <!-- Testwbl -->
        <test-method is-config="true" signature="Teardown()[pri:0, instance:com.pageTestpkg.LandingpageTest@3f197a46]" started-at="2023-04-06T13:05:06 CDT" name="Teardown" finished-at="2023-04-06T13:05:06 CDT" duration-ms="178" status="PASS">
          <reporter-output>
          </reporter-output>
        </test-method> <!-- Teardown -->
      </class> <!-- com.pageTestpkg.LandingpageTest -->
    </test> <!-- C:/Users/mpm26/eclipse-workspace/AutomationFramwrk1 -->
  </suite> <!-- All Test Suite -->
</testng-results>
